<?xml version="1.0" encoding="UTF-8"?>
<testsuite xmlns:xsi="http://www.w3.org/2001/XMLSchema-instance" xsi:noNamespaceSchemaLocation="https://maven.apache.org/surefire/maven-surefire-plugin/xsd/surefire-test-report.xsd" name="com.example.aws.dynamodb.AppTest" time="0.026" tests="1" errors="0" skipped="0" failures="0">
  <properties>
    <property name="java.specification.version" value="16"/>
    <property name="sun.jnu.encoding" value="UTF-8"/>
    <property name="java.class.path" value="/home/jaspal/practice/aws/dynamodb/DynamodbExampleSDK2/target/test-classes:/home/jaspal/practice/aws/dynamodb/DynamodbExampleSDK2/target/classes:/home/jaspal/.m2/repository/junit/junit/4.11/junit-4.11.jar:/home/jaspal/.m2/repository/org/hamcrest/hamcrest-core/1.3/hamcrest-core-1.3.jar:/home/jaspal/.m2/repository/software/amazon/awssdk/comprehend/2.17.230/comprehend-2.17.230.jar:/home/jaspal/.m2/repository/software/amazon/awssdk/aws-json-protocol/2.17.230/aws-json-protocol-2.17.230.jar:/home/jaspal/.m2/repository/software/amazon/awssdk/third-party-jackson-core/2.17.230/third-party-jackson-core-2.17.230.jar:/home/jaspal/.m2/repository/software/amazon/awssdk/json-utils/2.17.230/json-utils-2.17.230.jar:/home/jaspal/.m2/repository/software/amazon/awssdk/protocol-core/2.17.230/protocol-core-2.17.230.jar:/home/jaspal/.m2/repository/software/amazon/awssdk/sdk-core/2.17.230/sdk-core-2.17.230.jar:/home/jaspal/.m2/repository/org/slf4j/slf4j-api/1.7.30/slf4j-api-1.7.30.jar:/home/jaspal/.m2/repository/org/reactivestreams/reactive-streams/1.0.3/reactive-streams-1.0.3.jar:/home/jaspal/.m2/repository/software/amazon/awssdk/auth/2.17.230/auth-2.17.230.jar:/home/jaspal/.m2/repository/software/amazon/eventstream/eventstream/1.0.1/eventstream-1.0.1.jar:/home/jaspal/.m2/repository/software/amazon/awssdk/http-client-spi/2.17.230/http-client-spi-2.17.230.jar:/home/jaspal/.m2/repository/software/amazon/awssdk/regions/2.17.230/regions-2.17.230.jar:/home/jaspal/.m2/repository/software/amazon/awssdk/annotations/2.17.230/annotations-2.17.230.jar:/home/jaspal/.m2/repository/software/amazon/awssdk/utils/2.17.230/utils-2.17.230.jar:/home/jaspal/.m2/repository/software/amazon/awssdk/aws-core/2.17.230/aws-core-2.17.230.jar:/home/jaspal/.m2/repository/software/amazon/awssdk/metrics-spi/2.17.230/metrics-spi-2.17.230.jar:/home/jaspal/.m2/repository/software/amazon/awssdk/apache-client/2.17.230/apache-client-2.17.230.jar:/home/jaspal/.m2/repository/org/apache/httpcomponents/httpclient/4.5.13/httpclient-4.5.13.jar:/home/jaspal/.m2/repository/commons-logging/commons-logging/1.2/commons-logging-1.2.jar:/home/jaspal/.m2/repository/commons-codec/commons-codec/1.11/commons-codec-1.11.jar:/home/jaspal/.m2/repository/org/apache/httpcomponents/httpcore/4.4.13/httpcore-4.4.13.jar:/home/jaspal/.m2/repository/software/amazon/awssdk/netty-nio-client/2.17.230/netty-nio-client-2.17.230.jar:/home/jaspal/.m2/repository/io/netty/netty-codec-http/4.1.77.Final/netty-codec-http-4.1.77.Final.jar:/home/jaspal/.m2/repository/io/netty/netty-codec-http2/4.1.77.Final/netty-codec-http2-4.1.77.Final.jar:/home/jaspal/.m2/repository/io/netty/netty-codec/4.1.77.Final/netty-codec-4.1.77.Final.jar:/home/jaspal/.m2/repository/io/netty/netty-transport/4.1.77.Final/netty-transport-4.1.77.Final.jar:/home/jaspal/.m2/repository/io/netty/netty-resolver/4.1.77.Final/netty-resolver-4.1.77.Final.jar:/home/jaspal/.m2/repository/io/netty/netty-common/4.1.77.Final/netty-common-4.1.77.Final.jar:/home/jaspal/.m2/repository/io/netty/netty-buffer/4.1.77.Final/netty-buffer-4.1.77.Final.jar:/home/jaspal/.m2/repository/io/netty/netty-handler/4.1.77.Final/netty-handler-4.1.77.Final.jar:/home/jaspal/.m2/repository/io/netty/netty-transport-classes-epoll/4.1.77.Final/netty-transport-classes-epoll-4.1.77.Final.jar:/home/jaspal/.m2/repository/io/netty/netty-transport-native-unix-common/4.1.77.Final/netty-transport-native-unix-common-4.1.77.Final.jar:/home/jaspal/.m2/repository/software/amazon/awssdk/dynamodb/2.17.230/dynamodb-2.17.230.jar:/home/jaspal/.m2/repository/software/amazon/awssdk/profiles/2.17.230/profiles-2.17.230.jar:"/>
    <property name="java.vm.vendor" value="Oracle Corporation"/>
    <property name="sun.arch.data.model" value="64"/>
    <property name="java.vendor.url" value="https://java.oracle.com/"/>
    <property name="os.name" value="Linux"/>
    <property name="java.vm.specification.version" value="16"/>
    <property name="sun.java.launcher" value="SUN_STANDARD"/>
    <property name="user.country" value="US"/>
    <property name="sun.boot.library.path" value="/opt/sts-4.12.0.RELEASE/plugins/org.eclipse.justj.openjdk.hotspot.jre.full.linux.x86_64_16.0.2.v20210721-1149/jre/lib"/>
    <property name="sun.java.command" value="/home/jaspal/practice/aws/dynamodb/DynamodbExampleSDK2/target/surefire/surefirebooter10131654142435452556.jar /home/jaspal/practice/aws/dynamodb/DynamodbExampleSDK2/target/surefire 2023-12-06T15-34-05_173-jvmRun1 surefire8890845816466029088tmp surefire_016728451626133127957tmp"/>
    <property name="jdk.debug" value="release"/>
    <property name="surefire.test.class.path" value="/home/jaspal/practice/aws/dynamodb/DynamodbExampleSDK2/target/test-classes:/home/jaspal/practice/aws/dynamodb/DynamodbExampleSDK2/target/classes:/home/jaspal/.m2/repository/junit/junit/4.11/junit-4.11.jar:/home/jaspal/.m2/repository/org/hamcrest/hamcrest-core/1.3/hamcrest-core-1.3.jar:/home/jaspal/.m2/repository/software/amazon/awssdk/comprehend/2.17.230/comprehend-2.17.230.jar:/home/jaspal/.m2/repository/software/amazon/awssdk/aws-json-protocol/2.17.230/aws-json-protocol-2.17.230.jar:/home/jaspal/.m2/repository/software/amazon/awssdk/third-party-jackson-core/2.17.230/third-party-jackson-core-2.17.230.jar:/home/jaspal/.m2/repository/software/amazon/awssdk/json-utils/2.17.230/json-utils-2.17.230.jar:/home/jaspal/.m2/repository/software/amazon/awssdk/protocol-core/2.17.230/protocol-core-2.17.230.jar:/home/jaspal/.m2/repository/software/amazon/awssdk/sdk-core/2.17.230/sdk-core-2.17.230.jar:/home/jaspal/.m2/repository/org/slf4j/slf4j-api/1.7.30/slf4j-api-1.7.30.jar:/home/jaspal/.m2/repository/org/reactivestreams/reactive-streams/1.0.3/reactive-streams-1.0.3.jar:/home/jaspal/.m2/repository/software/amazon/awssdk/auth/2.17.230/auth-2.17.230.jar:/home/jaspal/.m2/repository/software/amazon/eventstream/eventstream/1.0.1/eventstream-1.0.1.jar:/home/jaspal/.m2/repository/software/amazon/awssdk/http-client-spi/2.17.230/http-client-spi-2.17.230.jar:/home/jaspal/.m2/repository/software/amazon/awssdk/regions/2.17.230/regions-2.17.230.jar:/home/jaspal/.m2/repository/software/amazon/awssdk/annotations/2.17.230/annotations-2.17.230.jar:/home/jaspal/.m2/repository/software/amazon/awssdk/utils/2.17.230/utils-2.17.230.jar:/home/jaspal/.m2/repository/software/amazon/awssdk/aws-core/2.17.230/aws-core-2.17.230.jar:/home/jaspal/.m2/repository/software/amazon/awssdk/metrics-spi/2.17.230/metrics-spi-2.17.230.jar:/home/jaspal/.m2/repository/software/amazon/awssdk/apache-client/2.17.230/apache-client-2.17.230.jar:/home/jaspal/.m2/repository/org/apache/httpcomponents/httpclient/4.5.13/httpclient-4.5.13.jar:/home/jaspal/.m2/repository/commons-logging/commons-logging/1.2/commons-logging-1.2.jar:/home/jaspal/.m2/repository/commons-codec/commons-codec/1.11/commons-codec-1.11.jar:/home/jaspal/.m2/repository/org/apache/httpcomponents/httpcore/4.4.13/httpcore-4.4.13.jar:/home/jaspal/.m2/repository/software/amazon/awssdk/netty-nio-client/2.17.230/netty-nio-client-2.17.230.jar:/home/jaspal/.m2/repository/io/netty/netty-codec-http/4.1.77.Final/netty-codec-http-4.1.77.Final.jar:/home/jaspal/.m2/repository/io/netty/netty-codec-http2/4.1.77.Final/netty-codec-http2-4.1.77.Final.jar:/home/jaspal/.m2/repository/io/netty/netty-codec/4.1.77.Final/netty-codec-4.1.77.Final.jar:/home/jaspal/.m2/repository/io/netty/netty-transport/4.1.77.Final/netty-transport-4.1.77.Final.jar:/home/jaspal/.m2/repository/io/netty/netty-resolver/4.1.77.Final/netty-resolver-4.1.77.Final.jar:/home/jaspal/.m2/repository/io/netty/netty-common/4.1.77.Final/netty-common-4.1.77.Final.jar:/home/jaspal/.m2/repository/io/netty/netty-buffer/4.1.77.Final/netty-buffer-4.1.77.Final.jar:/home/jaspal/.m2/repository/io/netty/netty-handler/4.1.77.Final/netty-handler-4.1.77.Final.jar:/home/jaspal/.m2/repository/io/netty/netty-transport-classes-epoll/4.1.77.Final/netty-transport-classes-epoll-4.1.77.Final.jar:/home/jaspal/.m2/repository/io/netty/netty-transport-native-unix-common/4.1.77.Final/netty-transport-native-unix-common-4.1.77.Final.jar:/home/jaspal/.m2/repository/software/amazon/awssdk/dynamodb/2.17.230/dynamodb-2.17.230.jar:/home/jaspal/.m2/repository/software/amazon/awssdk/profiles/2.17.230/profiles-2.17.230.jar:"/>
    <property name="sun.cpu.endian" value="little"/>
    <property name="user.home" value="/home/jaspal"/>
    <property name="user.language" value="en"/>
    <property name="java.specification.vendor" value="Oracle Corporation"/>
    <property name="java.version.date" value="2021-07-20"/>
    <property name="java.home" value="/opt/sts-4.12.0.RELEASE/plugins/org.eclipse.justj.openjdk.hotspot.jre.full.linux.x86_64_16.0.2.v20210721-1149/jre"/>
    <property name="file.separator" value="/"/>
    <property name="style.color" value="always"/>
    <property name="basedir" value="/home/jaspal/practice/aws/dynamodb/DynamodbExampleSDK2"/>
    <property name="java.vm.compressedOopsMode" value="Zero based"/>
    <property name="line.separator" value="&#10;"/>
    <property name="java.vm.specification.vendor" value="Oracle Corporation"/>
    <property name="java.specification.name" value="Java Platform API Specification"/>
    <property name="surefire.real.class.path" value="/home/jaspal/practice/aws/dynamodb/DynamodbExampleSDK2/target/surefire/surefirebooter10131654142435452556.jar"/>
    <property name="sun.management.compiler" value="HotSpot 64-Bit Tiered Compilers"/>
    <property name="java.runtime.version" value="16.0.2+7-67"/>
    <property name="user.name" value="jaspal"/>
    <property name="path.separator" value=":"/>
    <property name="os.version" value="5.15.0-88-generic"/>
    <property name="java.runtime.name" value="OpenJDK Runtime Environment"/>
    <property name="file.encoding" value="UTF-8"/>
    <property name="java.vm.name" value="OpenJDK 64-Bit Server VM"/>
    <property name="localRepository" value="/home/jaspal/.m2/repository"/>
    <property name="java.vendor.url.bug" value="https://bugreport.java.com/bugreport/"/>
    <property name="java.io.tmpdir" value="/tmp"/>
    <property name="java.version" value="16.0.2"/>
    <property name="user.dir" value="/home/jaspal/practice/aws/dynamodb/DynamodbExampleSDK2"/>
    <property name="os.arch" value="amd64"/>
    <property name="java.vm.specification.name" value="Java Virtual Machine Specification"/>
    <property name="java.library.path" value="/usr/java/packages/lib:/usr/lib64:/lib64:/lib:/usr/lib"/>
    <property name="java.vm.info" value="mixed mode"/>
    <property name="java.vendor" value="Oracle Corporation"/>
    <property name="java.vm.version" value="16.0.2+7-67"/>
    <property name="sun.io.unicode.encoding" value="UnicodeLittle"/>
    <property name="java.class.version" value="60.0"/>
  </properties>
  <testcase name="shouldAnswerWithTrue" classname="com.example.aws.dynamodb.AppTest" time="0.002"/>
</testsuite>